Performing C++ SOURCE FILE Test FMT_HAS_VARIANT failed with the following output:
Change Dir: /home/lss/Downloads/fmt-8.1.1/build/CMakeFiles/CMakeTmp

Run Build Command:"/usr/bin/make" "cmTC_d2faa/fast"
/usr/bin/make -f CMakeFiles/cmTC_d2faa.dir/build.make CMakeFiles/cmTC_d2faa.dir/build
make[1]: Entering directory '/home/lss/Downloads/fmt-8.1.1/build/CMakeFiles/CMakeTmp'
Building CXX object CMakeFiles/cmTC_d2faa.dir/src.cxx.o
/usr/bin/c++    -DFMT_HAS_VARIANT -std=c++1z   -std=gnu++11 -o CMakeFiles/cmTC_d2faa.dir/src.cxx.o -c /home/lss/Downloads/fmt-8.1.1/build/CMakeFiles/CMakeTmp/src.cxx
/home/lss/Downloads/fmt-8.1.1/build/CMakeFiles/CMakeTmp/src.cxx:2:21: fatal error: variant: 没有那个文件或目录
compilation terminated.
CMakeFiles/cmTC_d2faa.dir/build.make:65: recipe for target 'CMakeFiles/cmTC_d2faa.dir/src.cxx.o' failed
make[1]: *** [CMakeFiles/cmTC_d2faa.dir/src.cxx.o] Error 1
make[1]: Leaving directory '/home/lss/Downloads/fmt-8.1.1/build/CMakeFiles/CMakeTmp'
Makefile:126: recipe for target 'cmTC_d2faa/fast' failed
make: *** [cmTC_d2faa/fast] Error 2

Source file was:

  #include <variant>
  int main() {}
Determining if the pthread_create exist failed with the following output:
Change Dir: /home/lss/Downloads/fmt-8.1.1/build/CMakeFiles/CMakeTmp

Run Build Command:"/usr/bin/make" "cmTC_c3855/fast"
/usr/bin/make -f CMakeFiles/cmTC_c3855.dir/build.make CMakeFiles/cmTC_c3855.dir/build
make[1]: Entering directory '/home/lss/Downloads/fmt-8.1.1/build/CMakeFiles/CMakeTmp'
Building CXX object CMakeFiles/cmTC_c3855.dir/CheckSymbolExists.cxx.o
/usr/bin/c++    -std=gnu++11 -o CMakeFiles/cmTC_c3855.dir/CheckSymbolExists.cxx.o -c /home/lss/Downloads/fmt-8.1.1/build/CMakeFiles/CMakeTmp/CheckSymbolExists.cxx
Linking CXX executable cmTC_c3855
/usr/local/bin/cmake -E cmake_link_script CMakeFiles/cmTC_c3855.dir/link.txt --verbose=1
/usr/bin/c++       CMakeFiles/cmTC_c3855.dir/CheckSymbolExists.cxx.o  -o cmTC_c3855 
CMakeFiles/cmTC_c3855.dir/CheckSymbolExists.cxx.o：在函数‘main’中：
CheckSymbolExists.cxx:(.text+0x16)：对‘pthread_create’未定义的引用
collect2: error: ld returned 1 exit status
CMakeFiles/cmTC_c3855.dir/build.make:86: recipe for target 'cmTC_c3855' failed
make[1]: *** [cmTC_c3855] Error 1
make[1]: Leaving directory '/home/lss/Downloads/fmt-8.1.1/build/CMakeFiles/CMakeTmp'
Makefile:126: recipe for target 'cmTC_c3855/fast' failed
make: *** [cmTC_c3855/fast] Error 2

File /home/lss/Downloads/fmt-8.1.1/build/CMakeFiles/CMakeTmp/CheckSymbolExists.cxx:
/* */
#include <pthread.h>

int main(int argc, char** argv)
{
  (void)argv;
#ifndef pthread_create
  return ((int*)(&pthread_create))[argc];
#else
  (void)argc;
  return 0;
#endif
}

Determining if the function pthread_create exists in the pthreads failed with the following output:
Change Dir: /home/lss/Downloads/fmt-8.1.1/build/CMakeFiles/CMakeTmp

Run Build Command:"/usr/bin/make" "cmTC_34fe9/fast"
/usr/bin/make -f CMakeFiles/cmTC_34fe9.dir/build.make CMakeFiles/cmTC_34fe9.dir/build
make[1]: Entering directory '/home/lss/Downloads/fmt-8.1.1/build/CMakeFiles/CMakeTmp'
Building CXX object CMakeFiles/cmTC_34fe9.dir/CheckFunctionExists.cxx.o
/usr/bin/c++    -DCHECK_FUNCTION_EXISTS=pthread_create   -std=gnu++11 -o CMakeFiles/cmTC_34fe9.dir/CheckFunctionExists.cxx.o -c /home/lss/Downloads/fmt-8.1.1/build/CMakeFiles/CheckLibraryExists/CheckFunctionExists.cxx
Linking CXX executable cmTC_34fe9
/usr/local/bin/cmake -E cmake_link_script CMakeFiles/cmTC_34fe9.dir/link.txt --verbose=1
/usr/bin/c++   -DCHECK_FUNCTION_EXISTS=pthread_create    CMakeFiles/cmTC_34fe9.dir/CheckFunctionExists.cxx.o  -o cmTC_34fe9 -lpthreads 
/usr/bin/ld: 找不到 -lpthreads
collect2: error: ld returned 1 exit status
CMakeFiles/cmTC_34fe9.dir/build.make:86: recipe for target 'cmTC_34fe9' failed
make[1]: *** [cmTC_34fe9] Error 1
make[1]: Leaving directory '/home/lss/Downloads/fmt-8.1.1/build/CMakeFiles/CMakeTmp'
Makefile:126: recipe for target 'cmTC_34fe9/fast' failed
make: *** [cmTC_34fe9/fast] Error 2


